<?xml version="1.0" encoding="UTF-8"?>
<testsuite xmlns:xsi="http://www.w3.org/2001/XMLSchema-instance" xsi:noNamespaceSchemaLocation="https://maven.apache.org/surefire/maven-surefire-plugin/xsd/surefire-test-report-3.0.xsd" version="3.0" name="com.redhat.bvbackend.PlayerTest" time="5.811" tests="1" errors="0" skipped="0" failures="0">
  <properties>
[...]
</properties>
  <testcase name="testPanacheRepositoryMocking" classname="com.redhat.bvbackend.PlayerTest" time="0.523">
    <system-out><![CDATA[2022-12-11 18:24:00,685 INFO  [io.quarkus] (main) ALPS Timecard Tracker Service 1.0.0-SNAPSHOT on JVM (powered by Quarkus 2.14.3.Final) started in 3.105s. Listening on: http://localhost:8081
2022-12-11 18:24:00,686 INFO  [io.quarkus] (main) Profile test activated. 
2022-12-11 18:24:00,686 INFO  [io.quarkus] (main) Installed features: [agroal, cdi, hibernate-orm, hibernate-orm-panache, jdbc-postgresql, narayana-jta, resteasy-reactive, resteasy-reactive-jackson, smallrye-context-propagation, vertx]
]]></system-out>
  </testcase>
</testsuite>